[[0;32m  OK  [0m] Stopped [0;1;39mmemcached daemon[0m.
[[0;32m  OK  [0m] Started [0;1;39mmemcached daemon[0m.
[[0;1;31mFAILED[0m] Failed to start [0;1;39metcd - highly-available key value store[0m.
See 'systemctl status etcd.service' for details.
         Stopping [0;1;39mCUPS Scheduler[0m...
[[0;32m  OK  [0m] Stopped [0;1;39mCUPS Scheduler[0m.
[[0;32m  OK  [0m] Stopped [0;1;39mCUPS Scheduler[0m.
         Stopping [0;1;39mCUPS Scheduler[0m...
[[0;32m  OK  [0m] Started [0;1;39mCUPS Scheduler[0m.
[[0;32m  OK  [0m] Closed [0;1;39mCUPS Scheduler[0m.
         Stopping [0;1;39mCUPS Scheduler[0m...
[[0;32m  OK  [0m] Listening on [0;1;39mCUPS Scheduler[0m.
         Starting [0;1;39mCUPS Scheduler[0m...
[[0;32m  OK  [0m] Finished [0;1;39mNetwork Manager Wait Online[0m.
[[0;32m  OK  [0m] Reached target [0;1;39mNetwork is Online[0m.
[[0;32m  OK  [0m] Started [0;1;39mDownload data for packages that failed at package install time[0m.
[[0;32m  OK  [0m] Started [0;1;39mCheck to see whether there is a new version of Ubuntu available[0m.
[[0;32m  OK  [0m] Reached target [0;1;39mTimer Units[0m.
[[0;32m  OK  [0m] Stopped [0;1;39mmemcached daemon[0m.
[[0;32m  OK  [0m] Started [0;1;39mmemcached daemon[0m.
[[0;32m  OK  [0m] Reached target [0;1;39mPreparation for Remote File Systems[0m.
[[0;32m  OK  [0m] Reached target [0;1;39mRemote File Systems[0m.
         Starting [0;1;39mThe Apache HTTP Server[0m...
         Starting [0;1;39mLSB: automatic crash report generation[0m...
[[0;32m  OK  [0m] Finished [0;1;39mAvailability of block devices[0m.
[[0;32m  OK  [0m] Started [0;1;39mRegular background program processing daemon[0m.
         Starting [0;1;39mTool to automatically collect and submit kernel crash signatures[0m...
         Starting [0;1;39mVirtualization daemon[0m...
[[0;32m  OK  [0m] Started [0;1;39mOpenStack Compute novncproxy[0m.
         Starting [0;1;39mPermit User Sessions[0m...
[[0;32m  OK  [0m] Started [0;1;39mCUPS Scheduler[0m.
------------ Thu Mar 07 18:54:32 PST 2024 ------------
[[0;32m  OK  [0m] Started [0;1;39mShow Plymouth Boot Screen[0m.
[[0;32m  OK  [0m] Started [0;1;39mForward Password Requests to Plymouth Directory Watch[0m.
[[0;32m  OK  [0m] Reached target [0;1;39mLocal Encrypted Volumes[0m.
[[0;32m  OK  [0m] Finished [0;1;39mLoad Kernel Modules[0m.
         Starting [0;1;39mApply Kernel Variables[0m...
[[0;32m  OK  [0m] Finished [0;1;39mApply Kernel Variables[0m.
[[0;32m  OK  [0m] Listening on [0;1;39mLoad/Save RF Kill Switch Status /dev/rfkill Watch[0m.
[[0;32m  OK  [0m] Found device [0;1;39mVBOX_HARDDISK EFI\x20System\x20Partition[0m.
         Starting [0;1;39mFile System Check on /dev/disk/by-uuid/C06E-11D5[0m...
[[0;32m  OK  [0m] Started [0;1;39mFile System Check Daemon to report status[0m.
[[0;32m  OK  [0m] Finished [0;1;39mFile System Check on /dev/disk/by-uuid/C06E-11D5[0m.
         Mounting [0;1;39m/boot/efi[0m...
[[0;32m  OK  [0m] Mounted [0;1;39m/boot/efi[0m.
[[0;32m  OK  [0m] Reached target [0;1;39mLocal File Systems[0m.
         Starting [0;1;39mLoad AppArmor profiles[0m...
         Starting [0;1;39mSet console font and keymap[0m...
         Starting [0;1;39mCreate final runtime dir for shutdown pivot root[0m...
         Starting [0;1;39mTell Plymouth To Write Out Runtime Data[0m...
         Starting [0;1;39mQEMU KVM preparation - module, ksm, hugepages[0m...
         Starting [0;1;39mSet Up Additional Binary Formats[0m...
         Starting [0;1;39mCreate Volatile Files and Directories[0m...
         Starting [0;1;39mUncomplicated firewall[0m...
[[0;32m  OK  [0m] Finished [0;1;39mCreate final runtime dir for shutdown pivot root[0m.
         Mounting [0;1;39mArbitrary Executable File Formats File System[0m...
[[0;32m  OK  [0m] Finished [0;1;39mUncomplicated firewall[0m.
[[0;32m  OK  [0m] Reached target [0;1;39mPreparation for Network[0m.
[[0;32m  OK  [0m] Mounted [0;1;39mArbitrary Executable File Formats File System[0m.
[[0;32m  OK  [0m] Finished [0;1;39mSet Up Additional Binary Formats[0m.
[[0;32m  OK  [0m] Finished [0;1;39mSet console font and keymap[0m.
[[0;32m  OK  [0m] Finished [0;1;39mQEMU KVM preparation - module, ksm, hugepages[0m.
[[0;32m  OK  [0m] Finished [0;1;39mCreate Volatile Files and Directories[0m.
         Starting [0;1;39mUserspace Out-Of-Memory (OOM) Killer[0m...
         Starting [0;1;39mNetwork Name Resolution[0m...
         Starting [0;1;39mRecord System Boot/Shutdown in UTMP[0m...
[[0;32m  OK  [0m] Finished [0;1;39mTell Plymouth To Write Out Runtime Data[0m.
[[0;32m  OK  [0m] Finished [0;1;39mRecord System Boot/Shutdown in UTMP[0m.
[[0;32m  OK  [0m] Finished [0;1;39mLoad AppArmor profiles[0m.
         Starting [0;1;39mLoad AppArmor profiles managed internally by snapd[0m...
[[0;32m  OK  [0m] Started [0;1;39mUserspace Out-Of-Memory (OOM) Killer[0m.
[[0;32m  OK  [0m] Started [0;1;39mNetwork Name Resolution[0m.
[[0;32m  OK  [0m] Reached target [0;1;39mHost and Network Name Lookups[0m.
         Starting [0;1;39mLoad Kernel Module efi_pstore[0m...
[[0;32m  OK  [0m] Finished [0;1;39mLoad Kernel Module efi_pstore[0m.
[[0;32m  OK  [0m] Finished [0;1;39mLoad AppArmor profiles managed internally by snapd[0m.
[[0;32m  OK  [0m] Reached target [0;1;39mSystem Initialization[0m.
[[0;32m  OK  [0m] Started [0;1;39mACPI Events Check[0m.
[[0;32m  OK  [0m] Started [0;1;39mCUPS Scheduler[0m.
[[0;32m  OK  [0m] Started [0;1;39mStart whoopsie on modification of the /var/crash directory[0m.
[[0;32m  OK  [0m] Started [0;1;39mDaily Cleanup of Temporary Directories[0m.
[[0;32m  OK  [0m] Reached target [0;1;39mPath Units[0m.
[[0;32m  OK  [0m] Listening on [0;1;39mACPID Listen Socket[0m.
[[0;32m  OK  [0m] Listening on [0;1;39mAvahi mDNS/DNS-SD Stack Activation Socket[0m.
[[0;32m  OK  [0m] Listening on [0;1;39mCUPS Scheduler[0m.
[[0;32m  OK  [0m] Listening on [0;1;39mD-Bus System Message Bus Socket[0m.
[[0;32m  OK  [0m] Listening on [0;1;39mErlang Port Mapper Daemon Activation Socket[0m.
[[0;32m  OK  [0m] Listening on [0;1;39mOpen-iSCSI iscsid Socket[0m.
         Starting [0;1;39mLibvirt local socket[0m...
         Starting [0;1;39mSocket activation for snappy daemon[0m...
[[0;32m  OK  [0m] Listening on [0;1;39mUUID daemon activation socket[0m.
[[0;32m  OK  [0m] Listening on [0;1;39mVirtual machine lock manager socket[0m.
[[0;32m  OK  [0m] Listening on [0;1;39mVirtual machine lock manager admin socket[0m.
[[0;32m  OK  [0m] Listening on [0;1;39mVirtual machine log manager socket[0m.
[[0;32m  OK  [0m] Listening on [0;1;39mVirtual machine log manager socket[0m.
[[0;32m  OK  [0m] Listening on [0;1;39mLibvirt local socket[0m.
[[0;32m  OK  [0m] Listening on [0;1;39mSocket activation for snappy daemon[0m.
[[0;32m  OK  [0m] Listening on [0;1;39mLibvirt admin socket[0m.
[[0;32m  OK  [0m] Listening on [0;1;39mLibvirt local read-only socket[0m.
[[0;32m  OK  [0m] Reached target [0;1;39mSocket Units[0m.
[[0;32m  OK  [0m] Reached target [0;1;39mBasic System[0m.
         Starting [0;1;39mAccounts Service[0m...
[[0;32m  OK  [0m] Started [0;1;39mACPI event daemon[0m.
         Starting [0;1;39mAvahi mDNS/DNS-SD Stack[0m...
[[0;32m  OK  [0m] Started [0;1;39mD-Bus System Message Bus[0m.
         Starting [0;1;39mNetwork Manager[0m...
[[0;32m  OK  [0m] Started [0;1;39mSave initial kernel messages after boot[0m.
         Starting [0;1;39mRemove Stale Online ext4 Metadata Check Snapshots[0m...
[[0;32m  OK  [0m] Reached target [0;1;39mLogin Prompts[0m.
         Starting [0;1;39mDetect the available GPUs and deal with any system changes[0m...
         Starting [0;1;39mRecord successful boot for GRUB[0m...
[[0;32m  OK  [0m] Started [0;1;39mirqbalance daemon[0m.
         Starting [0;1;39mDispatcher daemon for systemd-networkd[0m...
         Starting [0;1;39mAuthorization Manager[0m...
         Starting [0;1;39mPower Profiles daemon[0m...
         Starting [0;1;39mSystem Logging Service[0m...
[[0;32m  OK  [0m] Started [0;1;39mUserspace listener for prompt events[0m.
[[0;32m  OK  [0m] Reached target [0;1;39mPreparation for Logins[0m.
         Starting [0;1;39mSnap Daemon[0m...
         Starting [0;1;39mSwitcheroo Control Proxy service[0m...
         Starting [0;1;39mUser Login Management[0m...
         Starting [0;1;39mVirtual Machine and Container Registration Service[0m...
         Starting [0;1;39mDisk Manager[0m...
         Starting [0;1;39mWPA supplicant[0m...
[[0;32m  OK  [0m] Started [0;1;39mSystem Logging Service[0m.
[[0;32m  OK  [0m] Finished [0;1;39mRecord successful boot for GRUB[0m.
         Starting [0;1;39mGRUB failed boot detection[0m...
[[0;32m  OK  [0m] Finished [0;1;39mRemove Stale Online ext4 Metadata Check Snapshots[0m.
[[0;32m  OK  [0m] Started [0;1;39mUser Login Management[0m.
[[0;32m  OK  [0m] Started [0;1;39mVirtual Machine and Container Registration Service[0m.
[[0;32m  OK  [0m] Started [0;1;39mWPA supplicant[0m.
[[0;32m  OK  [0m] Started [0;1;39mAvahi mDNS/DNS-SD Stack[0m.
[[0;32m  OK  [0m] Finished [0;1;39mGRUB failed boot detection[0m.
[[0;32m  OK  [0m] Started [0;1;39mSwitcheroo Control Proxy service[0m.
         Starting [0;1;39mSave/Restore Sound Card State[0m...
[[0;32m  OK  [0m] Finished [0;1;39mDetect the available GPUs and deal with any system changes[0m.
[[0;32m  OK  [0m] Started [0;1;39mAuthorization Manager[0m.
         Starting [0;1;39mModem Manager[0m...
[[0;32m  OK  [0m] Started [0;1;39mPower Profiles daemon[0m.
[[0;32m  OK  [0m] Started [0;1;39mNetwork Manager[0m.
[[0;32m  OK  [0m] Reached target [0;1;39mNetwork[0m.
         Starting [0;1;39mNetwork Manager Wait Online[0m...
         Starting [0;1;39mchrony, an NTP client/server[0m...
         Starting [0;1;39mCUPS Scheduler[0m...
         Starting [0;1;39metcd - highly-available key value store[0m...
         Starting [0;1;39mMariaDB 10.6.12 database server[0m...
[[0;32m  OK  [0m] Started [0;1;39mmemcached daemon[0m.
         Starting [0;1;39mOpenVPN service[0m...
         Starting [0;1;39mRabbitMQ Messaging Server[0m...
         Starting [0;1;39mService for snap application docker.nvidia-container-toolkit[0m...
         Starting [0;1;39mOpenBSD Secure Shell server[0m...
[[0;32m  OK  [0m] Started [0;1;39mUnattended Upgrades Shutdown[0m.
[[0;32m  OK  [0m] Finished [0;1;39mSave/Restore Sound Card State[0m.
[[0;32m  OK  [0m] Finished [0;1;39mOpenVPN service[0m.
[[0;32m  OK  [0m] Reached target [0;1;39mSound Card[0m.
         Starting [0;1;39mHostname Service[0m...
[[0;32m  OK  [0m] Started [0;1;39mchrony, an NTP client/server[0m.
[[0;32m  OK  [0m] Reached target [0;1;39mSystem Time Synchronized[0m.
[[0;32m  OK  [0m] Started [0;1;39mTrigger anacron every hour[0m.
[[0;32m  OK  [0m] Started [0;1;39mDaily apt download activities[0m.
[[0;32m  OK  [0m] Started [0;1;39mDaily apt upgrade and clean activities[0m.
[[0;32m  OK  [0m] Started [0;1;39mDaily dpkg database backup timer[0m.
[[0;32m  OK  [0m] Started [0;1;39mPeriodic ext4 Online Metadata Check for All Filesystems[0m.
[[0;32m  OK  [0m] Started [0;1;39mDiscard unused blocks once a week[0m.
[[0;32m  OK  [0m] Started [0;1;39mRefresh fwupd metadata regularly[0m.
[[0;32m  OK  [0m] Started [0;1;39mDaily rotation of log files[0m.
[[0;32m  OK  [0m] Started [0;1;39mDaily man-db regeneration[0m.
[[0;32m  OK  [0m] Started [0;1;39mMessage of the Day[0m.
[[0;32m  OK  [0m] Started [0;1;39mRun anacron jobs[0m.
[[0;32m  OK  [0m] Started [0;1;39mCUPS Scheduler[0m.
[[0;32m  OK  [0m] Started [0;1;39mAccounts Service[0m.
[[0;32m  OK  [0m] Started [0;1;39mOpenBSD Secure Shell server[0m.
[[0;32m  OK  [0m] Started [0;1;39mHostname Service[0m.
[[0;32m  OK  [0m] Started [0;1;39mModem Manager[0m.
[[0;32m  OK  [0m] Stopped [0;1;39mmemcached daemon[0m.
[[0;32m  OK  [0m] Started [0;1;39mmemcached daemon[0m.
         Starting [0;1;39mNetwork Manager Script Dispatcher Service[0m...
[[0;32m  OK  [0m] Started [0;1;39mNetwork Manager Script Dispatcher Service[0m.
[[0;32m  OK  [0m] Started [0;1;39mDispatcher daemon for systemd-networkd[0m.
[[0;32m  OK  [0m] Started [0;1;39mDisk Manager[0m.
[[0;1;31mFAILED[0m] Failed to start [0;1;39metcd - highly-available key value store[0m.
See 'systemctl status etcd.service' for details.
[[0;32m  OK  [0m] Stopped [0;1;39mmemcached daemon[0m.
[[0;32m  OK  [0m] Started [0;1;39mmemcached daemon[0m.
[[0;32m  OK  [0m] Finished [0;1;39mNetwork Manager Wait Online[0m.
[[0;32m  OK  [0m] Reached target [0;1;39mNetwork is Online[0m.
[[0;32m  OK  [0m] Started [0;1;39mDownload data for packages that failed at package install time[0m.
[[0;32m  OK  [0m] Started [0;1;39mCheck to see whether there is a new version of Ubuntu available[0m.
[[0;32m  OK  [0m] Reached target [0;1;39mTimer Units[0m.
[[0;32m  OK  [0m] Started [0;1;39mMake remote CUPS printers available locally[0m.
[[0;32m  OK  [0m] Reached target [0;1;39mPreparation for Remote File Systems[0m.
[[0;32m  OK  [0m] Reached target [0;1;39mRemote File Systems[0m.
         Starting [0;1;39mThe Apache HTTP Server[0m...
         Starting [0;1;39mLSB: automatic crash report generation[0m...
[[0;32m  OK  [0m] Finished [0;1;39mAvailability of block devices[0m.
[[0;32m  OK  [0m] Started [0;1;39mRegular background program processing daemon[0m.
         Starting [0;1;39mTool to automatically collect and submit kernel crash signatures[0m...
         Starting [0;1;39mVirtualization daemon[0m...
[[0;32m  OK  [0m] Started [0;1;39mOpenStack Compute novncproxy[0m.
         Starting [0;1;39mPermit User Sessions[0m...
[[0;32m  OK  [0m] Finished [0;1;39mPermit User Sessions[0m.
         Starting [0;1;39mGNOME Display Manager[0m...
         Starting [0;1;39mHold until boot process finishes up[0m...
[[0;32m  OK  [0m] Started [0;1;39mTool to automatically collect and submit kernel crash signatures[0m.
[[0;32m  OK  [0m] Started [0;1;39mcrash report submission[0m.
[[0;32m  OK  [0m] Started [0;1;39mLSB: automatic crash report generation[0m.
[[0;32m  OK  [0m] Started [0;1;39mRun anacron jobs[0m.
[[0;32m  OK  [0m] Started [0;1;39mVirtualization daemon[0m.
         Starting [0;1;39mSuspend/Resume Running libvirt Guests[0m...
[[0;32m  OK  [0m] Stopped [0;1;39mmemcached daemon[0m.
[[0;32m  OK  [0m] Started [0;1;39mmemcached daemon[0m.
[[0;32m  OK  [0m] Started [0;1;39mGNOME Display Manager[0m.
[[0;32m  OK  [0m] Finished [0;1;39mSuspend/Resume Running libvirt Guests[0m.
